{
  "RSpec": {
    "coverage": {
      "/Users/grizlette/dev/rails/classy_classified/spec/controllers/categories_controller_spec.rb": [
        1,
        null,
        1,
        null,
        7,
        1,
        null,
        1,
        1,
        1,
        1,
        null,
        null,
        null,
        1,
        1,
        1,
        1,
        null,
        null,
        null,
        1,
        1,
        1,
        1,
        1,
        null,
        null,
        1,
        1,
        1,
        null,
        null,
        null,
        1,
        1,
        1,
        1,
        null,
        null,
        1,
        1,
        1,
        null,
        null,
        null,
        1,
        1,
        1,
        1,
        1,
        null,
        null,
        1,
        1,
        1,
        null,
        null,
        null,
        1,
        1,
        1,
        1,
        null,
        null,
        1,
        1,
        1,
        1,
        null,
        null,
        null,
        1,
        1,
        1,
        1,
        null,
        null,
        1,
        1,
        1,
        null,
        null,
        null,
        null
      ],
      "/Users/grizlette/dev/rails/classy_classified/spec/rails_helper.rb": [
        null,
        1,
        1,
        null,
        1,
        1,
        1,
        null,
        null,
        null,
        null,
        null,
        null,
        null,
        null,
        null,
        null,
        null,
        null,
        null,
        null,
        null,
        null,
        null,
        null,
        null,
        1,
        null,
        1,
        null,
        1,
        null,
        null,
        null,
        null,
        1,
        null,
        null,
        null,
        null,
        null,
        null,
        null,
        null,
        null,
        null,
        null,
        null,
        null,
        null,
        1,
        null
      ],
      "/Users/grizlette/dev/rails/classy_classified/config/environment.rb": [
        null,
        1,
        null,
        null,
        1
      ],
      "/Users/grizlette/dev/rails/classy_classified/config/application.rb": [
        1,
        null,
        1,
        null,
        null,
        null,
        1,
        null,
        1,
        1,
        null,
        null,
        null,
        null,
        null,
        null,
        null,
        null,
        null,
        null,
        null,
        null,
        null,
        1,
        null,
        null
      ],
      "/Users/grizlette/dev/rails/classy_classified/config/boot.rb": [
        1,
        null,
        1
      ],
      "/Users/grizlette/dev/rails/classy_classified/config/environments/test.rb": [
        1,
        null,
        null,
        null,
        null,
        null,
        null,
        1,
        null,
        null,
        null,
        null,
        1,
        null,
        null,
        1,
        1,
        null,
        null,
        1,
        1,
        null,
        null,
        1,
        null,
        null,
        1,
        null,
        null,
        null,
        null,
        1,
        null,
        null,
        1,
        null,
        null,
        1,
        null,
        null,
        null,
        null
      ],
      "/Users/grizlette/dev/rails/classy_classified/config/initializers/assets.rb": [
        null,
        null,
        null,
        1,
        null,
        null,
        null,
        null,
        null,
        null,
        1
      ],
      "/Users/grizlette/dev/rails/classy_classified/config/initializers/backtrace_silencers.rb": [
        null,
        null,
        null,
        null,
        null,
        null,
        null
      ],
      "/Users/grizlette/dev/rails/classy_classified/config/initializers/cookies_serializer.rb": [
        null,
        null,
        1
      ],
      "/Users/grizlette/dev/rails/classy_classified/config/initializers/filter_parameter_logging.rb": [
        null,
        null,
        null,
        1
      ],
      "/Users/grizlette/dev/rails/classy_classified/config/initializers/inflections.rb": [
        null,
        null,
        null,
        null,
        null,
        null,
        null,
        null,
        null,
        null,
        null,
        null,
        null,
        null,
        null,
        null
      ],
      "/Users/grizlette/dev/rails/classy_classified/config/initializers/mime_types.rb": [
        null,
        null,
        null,
        null
      ],
      "/Users/grizlette/dev/rails/classy_classified/config/initializers/session_store.rb": [
        null,
        null,
        1
      ],
      "/Users/grizlette/dev/rails/classy_classified/config/initializers/wrap_parameters.rb": [
        null,
        null,
        null,
        null,
        null,
        null,
        1,
        1,
        null,
        null,
        null,
        null,
        null,
        null
      ],
      "/Users/grizlette/dev/rails/classy_classified/spec/factories/categories.rb": [
        1,
        1,
        1,
        1,
        null,
        null
      ],
      "/Users/grizlette/dev/rails/classy_classified/spec/factories/items.rb": [
        1,
        1,
        1,
        1,
        1,
        null,
        null
      ],
      "/Users/grizlette/dev/rails/classy_classified/config/routes.rb": [
        1,
        null,
        null,
        null,
        null,
        null,
        1,
        1,
        1,
        null,
        1,
        1,
        null,
        null,
        null
      ],
      "/Users/grizlette/dev/rails/classy_classified/app/helpers/application_helper.rb": [
        1,
        null
      ],
      "/Users/grizlette/dev/rails/classy_classified/app/helpers/categories_helper.rb": [
        1,
        null
      ],
      "/Users/grizlette/dev/rails/classy_classified/app/helpers/items_helper.rb": [
        1,
        null
      ],
      "/Users/grizlette/dev/rails/classy_classified/app/controllers/categories_controller.rb": [
        1,
        null,
        1,
        null,
        1,
        1,
        null,
        null,
        1,
        1,
        null,
        null,
        1,
        null,
        null,
        1,
        2,
        1,
        1,
        null,
        1,
        1,
        null,
        null,
        null,
        1,
        1,
        null,
        null,
        1,
        2,
        2,
        1,
        1,
        null,
        1,
        null,
        null,
        null,
        1,
        2,
        2,
        2,
        null,
        0,
        0,
        null,
        null,
        null,
        1,
        0,
        null,
        null,
        null,
        1,
        null,
        1,
        4,
        null,
        null,
        1,
        8,
        8,
        2,
        null,
        null,
        null,
        null
      ],
      "/Users/grizlette/dev/rails/classy_classified/app/controllers/application_controller.rb": [
        1,
        null,
        null,
        1,
        null
      ],
      "/Users/grizlette/dev/rails/classy_classified/spec/controllers/items_controller_spec.rb": [
        1,
        null,
        1,
        6,
        null,
        1,
        1,
        1,
        1,
        null,
        null,
        null,
        1,
        1,
        1,
        1,
        null,
        null,
        1,
        1,
        1,
        null,
        null,
        null,
        1,
        1,
        1,
        1,
        null,
        null,
        null,
        1,
        1,
        1,
        1,
        null,
        null,
        1,
        1,
        1,
        null,
        null,
        null,
        1,
        1,
        1,
        1,
        1,
        null,
        null,
        1,
        1,
        1,
        null,
        null,
        null,
        1,
        1,
        1,
        1,
        null,
        null,
        1,
        1,
        1,
        1,
        null,
        null,
        null,
        1,
        1,
        1,
        1,
        null,
        null,
        1,
        1,
        1,
        null,
        null,
        null,
        null,
        null,
        1,
        2,
        null,
        null,
        null
      ],
      "/Users/grizlette/dev/rails/classy_classified/app/controllers/items_controller.rb": [
        1,
        null,
        1,
        null,
        1,
        1,
        null,
        null,
        1,
        1,
        1,
        1,
        1,
        1,
        1,
        1,
        null,
        null,
        null,
        1,
        1,
        null,
        null,
        1,
        2,
        2,
        null,
        0,
        0,
        null,
        null,
        null,
        1,
        null,
        null,
        1,
        2,
        1,
        null,
        1,
        1,
        null,
        null,
        null,
        1,
        1,
        1,
        null,
        0,
        0,
        null,
        null,
        null,
        null,
        null,
        1,
        1,
        8,
        8,
        3,
        3,
        null,
        null,
        null,
        1,
        4,
        null,
        null,
        null
      ],
      "/Users/grizlette/dev/rails/classy_classified/spec/helpers/categories_helper_spec.rb": [
        1,
        null,
        null,
        null,
        null,
        null,
        null,
        null,
        null,
        null,
        null,
        null,
        1,
        1,
        null
      ],
      "/Users/grizlette/dev/rails/classy_classified/spec/helpers/items_helper_spec.rb": [
        1,
        null,
        null,
        null,
        null,
        null,
        null,
        null,
        null,
        null,
        null,
        null,
        1,
        1,
        null
      ],
      "/Users/grizlette/dev/rails/classy_classified/spec/models/category_spec.rb": [
        1,
        null,
        1,
        1,
        null
      ],
      "/Users/grizlette/dev/rails/classy_classified/app/models/category.rb": [
        1,
        1,
        1,
        null
      ],
      "/Users/grizlette/dev/rails/classy_classified/spec/models/item_spec.rb": [
        1,
        null,
        1,
        1,
        null
      ],
      "/Users/grizlette/dev/rails/classy_classified/app/models/item.rb": [
        1,
        1,
        1,
        null,
        1,
        1,
        null
      ],
      "/Users/grizlette/dev/rails/classy_classified/spec/views/categories/edit.html.erb_spec.rb": [
        1,
        null,
        1,
        1,
        null
      ],
      "/Users/grizlette/dev/rails/classy_classified/spec/views/categories/index.html.erb_spec.rb": [
        1,
        null,
        1,
        1,
        null
      ],
      "/Users/grizlette/dev/rails/classy_classified/spec/views/categories/new.html.erb_spec.rb": [
        1,
        null,
        1,
        1,
        null
      ],
      "/Users/grizlette/dev/rails/classy_classified/spec/views/categories/show.html.erb_spec.rb": [
        1,
        null,
        1,
        1,
        null
      ],
      "/Users/grizlette/dev/rails/classy_classified/spec/views/items/edit.html.erb_spec.rb": [
        1,
        null,
        1,
        1,
        null
      ],
      "/Users/grizlette/dev/rails/classy_classified/spec/views/items/index.html.erb_spec.rb": [
        1,
        null,
        1,
        1,
        null
      ],
      "/Users/grizlette/dev/rails/classy_classified/spec/views/items/new.html.erb_spec.rb": [
        1,
        null,
        1,
        1,
        null
      ],
      "/Users/grizlette/dev/rails/classy_classified/spec/views/items/show.html.erb_spec.rb": [
        1,
        null,
        1,
        1,
        null
      ]
    },
    "timestamp": 1435271100
  }
}
